<?xml version="1.0" encoding="UTF-8"?>
<testsuite xmlns:xsi="http://www.w3.org/2001/XMLSchema-instance" xsi:noNamespaceSchemaLocation="https://maven.apache.org/surefire/maven-surefire-plugin/xsd/surefire-test-report-3.0.xsd" version="3.0" name="com.employee.management.EmployeeCRUD.EmployeeCrudApplicationTests" time="13.488" tests="1" errors="0" skipped="0" failures="0">
  <properties>
[...]
</properties>
  <testcase name="contextLoads" classname="com.employee.management.EmployeeCRUD.EmployeeCrudApplicationTests" time="1.761">
    <system-out><![CDATA[20:28:24.122 [main] INFO org.springframework.test.context.support.AnnotationConfigContextLoaderUtils -- Could not detect default configuration classes for test class [com.employee.management.EmployeeCRUD.EmployeeCrudApplicationTests]: EmployeeCrudApplicationTests does not declare any static, non-private, non-final, nested classes annotated with @Configuration.
20:28:24.260 [main] INFO org.springframework.boot.test.context.SpringBootTestContextBootstrapper -- Found @SpringBootConfiguration com.employee.management.EmployeeCRUD.EmployeeCrudApplication for test class com.employee.management.EmployeeCRUD.EmployeeCrudApplicationTests
20:28:24.490 [main] INFO org.springframework.boot.devtools.restart.RestartApplicationListener -- Restart disabled due to context in which it is running

  .   ____          _            __ _ _
 /\\ / ___'_ __ _ _(_)_ __  __ _ \ \ \ \
( ( )\___ | '_ | '_| | '_ \/ _` | \ \ \ \
 \\/  ___)| |_)| | | | | || (_| |  ) ) ) )
  '  |____| .__|_| |_|_| |_\__, | / / / /
 =========|_|==============|___/=/_/_/_/
 :: Spring Boot ::                (v3.1.5)

2023-11-05T20:28:24.789+05:30  INFO 8260 --- [           main] c.e.m.E.EmployeeCrudApplicationTests     : Starting EmployeeCrudApplicationTests using Java 20.0.2 with PID 8260 (started by Roobini Ramesh in F:\Web Dev\EmployeeCRUD)
2023-11-05T20:28:24.790+05:30  INFO 8260 --- [           main] c.e.m.E.EmployeeCrudApplicationTests     : No active profile set, falling back to 1 default profile: "default"
2023-11-05T20:28:25.479+05:30  INFO 8260 --- [           main] .s.d.r.c.RepositoryConfigurationDelegate : Multiple Spring Data modules found, entering strict repository configuration mode
2023-11-05T20:28:25.481+05:30  INFO 8260 --- [           main] .s.d.r.c.RepositoryConfigurationDelegate : Bootstrapping Spring Data JPA repositories in DEFAULT mode.
2023-11-05T20:28:25.523+05:30  INFO 8260 --- [           main] .RepositoryConfigurationExtensionSupport : Spring Data JPA - Could not safely identify store assignment for repository candidate interface com.employee.management.EmployeeCRUD.respository.DepartmentRepository; If you want this repository to be a JPA repository, consider annotating your entities with one of these annotations: jakarta.persistence.Entity, jakarta.persistence.MappedSuperclass (preferred), or consider extending one of the following types with your repository: org.springframework.data.jpa.repository.JpaRepository
2023-11-05T20:28:25.557+05:30  INFO 8260 --- [           main] .s.d.r.c.RepositoryConfigurationDelegate : Finished Spring Data repository scanning in 67 ms. Found 1 JPA repository interfaces.
2023-11-05T20:28:25.597+05:30  INFO 8260 --- [           main] .s.d.r.c.RepositoryConfigurationDelegate : Multiple Spring Data modules found, entering strict repository configuration mode
2023-11-05T20:28:25.597+05:30  INFO 8260 --- [           main] .s.d.r.c.RepositoryConfigurationDelegate : Bootstrapping Spring Data MongoDB repositories in DEFAULT mode.
2023-11-05T20:28:25.603+05:30  INFO 8260 --- [           main] .RepositoryConfigurationExtensionSupport : Spring Data MongoDB - Could not safely identify store assignment for repository candidate interface com.employee.management.EmployeeCRUD.respository.EmployeeRepository; If you want this repository to be a MongoDB repository, consider annotating your entities with one of these annotations: org.springframework.data.mongodb.core.mapping.Document (preferred), or consider extending one of the following types with your repository: org.springframework.data.mongodb.repository.MongoRepository
2023-11-05T20:28:25.606+05:30  INFO 8260 --- [           main] .s.d.r.c.RepositoryConfigurationDelegate : Finished Spring Data repository scanning in 8 ms. Found 1 MongoDB repository interfaces.
2023-11-05T20:28:26.127+05:30  INFO 8260 --- [           main] o.hibernate.jpa.internal.util.LogHelper  : HHH000204: Processing PersistenceUnitInfo [name: default]
2023-11-05T20:28:26.189+05:30  INFO 8260 --- [           main] org.hibernate.Version                    : HHH000412: Hibernate ORM core version 6.2.13.Final
2023-11-05T20:28:26.191+05:30  INFO 8260 --- [           main] org.hibernate.cfg.Environment            : HHH000406: Using bytecode reflection optimizer
2023-11-05T20:28:26.548+05:30  INFO 8260 --- [           main] o.s.o.j.p.SpringPersistenceUnitInfo      : No LoadTimeWeaver setup: ignoring JPA class transformer
2023-11-05T20:28:26.577+05:30  INFO 8260 --- [           main] com.zaxxer.hikari.HikariDataSource       : HikariPool-1 - Starting...
2023-11-05T20:28:30.223+05:30  INFO 8260 --- [           main] com.zaxxer.hikari.pool.HikariPool        : HikariPool-1 - Added connection org.postgresql.jdbc.PgConnection@35e2b89f
2023-11-05T20:28:30.225+05:30  INFO 8260 --- [           main] com.zaxxer.hikari.HikariDataSource       : HikariPool-1 - Start completed.
2023-11-05T20:28:30.541+05:30  WARN 8260 --- [           main] org.hibernate.orm.deprecation            : HHH90000025: PostgreSQLDialect does not need to be specified explicitly using 'hibernate.dialect' (remove the property setting and it will be selected by default)
2023-11-05T20:28:31.820+05:30  INFO 8260 --- [           main] o.h.e.t.j.p.i.JtaPlatformInitiator       : HHH000489: No JTA platform available (set 'hibernate.transaction.jta.platform' to enable JTA platform integration)
Hibernate: create table employees (id bigserial not null, created_at TIMESTAMP, dept_id varchar(255), email varchar(255), first_name varchar(255), last_name varchar(255), updated_at TIMESTAMP, primary key (id))
2023-11-05T20:28:33.136+05:30  INFO 8260 --- [           main] j.LocalContainerEntityManagerFactoryBean : Initialized JPA EntityManagerFactory for persistence unit 'default'
2023-11-05T20:28:33.530+05:30  INFO 8260 --- [           main] org.mongodb.driver.client                : MongoClient with metadata {"driver": {"name": "mongo-java-driver|sync|spring-boot", "version": "4.9.1"}, "os": {"type": "Windows", "name": "Windows 10", "architecture": "amd64", "version": "10.0"}, "platform": "Java/Oracle Corporation/20.0.2+9-jvmci-23.0-b14"} created with settings MongoClientSettings{readPreference=primary, writeConcern=WriteConcern{w=majority, wTimeout=null ms, journal=null}, retryWrites=true, retryReads=true, readConcern=ReadConcern{level=null}, credential=MongoCredential{mechanism=null, userName='pramod', source='admin', password=<hidden>, mechanismProperties=<hidden>}, streamFactoryFactory=null, commandListeners=[], codecRegistry=ProvidersCodecRegistry{codecProviders=[ValueCodecProvider{}, BsonValueCodecProvider{}, DBRefCodecProvider{}, DBObjectCodecProvider{}, DocumentCodecProvider{}, CollectionCodecProvider{}, IterableCodecProvider{}, MapCodecProvider{}, GeoJsonCodecProvider{}, GridFSFileCodecProvider{}, Jsr310CodecProvider{}, JsonObjectCodecProvider{}, BsonCodecProvider{}, EnumCodecProvider{}, com.mongodb.client.model.mql.ExpressionCodecProvider@40b8158d, com.mongodb.Jep395RecordCodecProvider@24e7087a]}, loggerSettings=LoggerSettings{maxDocumentLength=1000}, clusterSettings={hosts=[127.0.0.1:27017], srvHost=employees.pqdv9ku.mongodb.net, srvServiceName=mongodb, mode=MULTIPLE, requiredClusterType=REPLICA_SET, requiredReplicaSetName='atlas-4tz6ct-shard-0', serverSelector='null', clusterListeners='[]', serverSelectionTimeout='30000 ms', localThreshold='30000 ms'}, socketSettings=SocketSettings{connectTimeoutMS=10000, readTimeoutMS=0, receiveBufferSize=0, sendBufferSize=0}, heartbeatSocketSettings=SocketSettings{connectTimeoutMS=10000, readTimeoutMS=10000, receiveBufferSize=0, sendBufferSize=0}, connectionPoolSettings=ConnectionPoolSettings{maxSize=100, minSize=0, maxWaitTimeMS=120000, maxConnectionLifeTimeMS=0, maxConnectionIdleTimeMS=0, maintenanceInitialDelayMS=0, maintenanceFrequencyMS=60000, connectionPoolListeners=[], maxConnecting=2}, serverSettings=ServerSettings{heartbeatFrequencyMS=10000, minHeartbeatFrequencyMS=500, serverListeners='[]', serverMonitorListeners='[]'}, sslSettings=SslSettings{enabled=true, invalidHostNameAllowed=false, context=null}, applicationName='null', compressorList=[], uuidRepresentation=JAVA_LEGACY, serverApi=null, autoEncryptionSettings=null, contextProvider=null}
2023-11-05T20:28:33.667+05:30  INFO 8260 --- [9ku.mongodb.net] org.mongodb.driver.cluster               : Adding discovered server ac-wy1g1ux-shard-00-01.pqdv9ku.mongodb.net:27017 to client view of cluster
2023-11-05T20:28:33.718+05:30  INFO 8260 --- [9ku.mongodb.net] org.mongodb.driver.cluster               : Adding discovered server ac-wy1g1ux-shard-00-00.pqdv9ku.mongodb.net:27017 to client view of cluster
2023-11-05T20:28:33.723+05:30  INFO 8260 --- [9ku.mongodb.net] org.mongodb.driver.cluster               : Adding discovered server ac-wy1g1ux-shard-00-02.pqdv9ku.mongodb.net:27017 to client view of cluster
2023-11-05T20:28:34.349+05:30  INFO 8260 --- [ngodb.net:27017] org.mongodb.driver.cluster               : Monitor thread successfully connected to server with description ServerDescription{address=ac-wy1g1ux-shard-00-01.pqdv9ku.mongodb.net:27017, type=REPLICA_SET_PRIMARY, state=CONNECTED, ok=true, minWireVersion=0, maxWireVersion=17, maxDocumentSize=16777216, logicalSessionTimeoutMinutes=30, roundTripTimeNanos=338156600, setName='atlas-4tz6ct-shard-0', canonicalAddress=ac-wy1g1ux-shard-00-01.pqdv9ku.mongodb.net:27017, hosts=[ac-wy1g1ux-shard-00-00.pqdv9ku.mongodb.net:27017, ac-wy1g1ux-shard-00-01.pqdv9ku.mongodb.net:27017, ac-wy1g1ux-shard-00-02.pqdv9ku.mongodb.net:27017], passives=[], arbiters=[], primary='ac-wy1g1ux-shard-00-01.pqdv9ku.mongodb.net:27017', tagSet=TagSet{[Tag{name='nodeType', value='ELECTABLE'}, Tag{name='provider', value='AWS'}, Tag{name='region', value='AP_SOUTH_1'}, Tag{name='workloadType', value='OPERATIONAL'}]}, electionId=7fffffff00000000000001c6, setVersion=5, topologyVersion=TopologyVersion{processId=653a2ca348766935259d8f4a, counter=6}, lastWriteDate=Sun Nov 05 20:28:34 IST 2023, lastUpdateTimeNanos=31966227593400}
2023-11-05T20:28:34.349+05:30  INFO 8260 --- [ngodb.net:27017] org.mongodb.driver.cluster               : Monitor thread successfully connected to server with description ServerDescription{address=ac-wy1g1ux-shard-00-00.pqdv9ku.mongodb.net:27017, type=REPLICA_SET_SECONDARY, state=CONNECTED, ok=true, minWireVersion=0, maxWireVersion=17, maxDocumentSize=16777216, logicalSessionTimeoutMinutes=30, roundTripTimeNanos=295112700, setName='atlas-4tz6ct-shard-0', canonicalAddress=ac-wy1g1ux-shard-00-00.pqdv9ku.mongodb.net:27017, hosts=[ac-wy1g1ux-shard-00-00.pqdv9ku.mongodb.net:27017, ac-wy1g1ux-shard-00-01.pqdv9ku.mongodb.net:27017, ac-wy1g1ux-shard-00-02.pqdv9ku.mongodb.net:27017], passives=[], arbiters=[], primary='ac-wy1g1ux-shard-00-01.pqdv9ku.mongodb.net:27017', tagSet=TagSet{[Tag{name='nodeType', value='ELECTABLE'}, Tag{name='provider', value='AWS'}, Tag{name='region', value='AP_SOUTH_1'}, Tag{name='workloadType', value='OPERATIONAL'}]}, electionId=null, setVersion=5, topologyVersion=TopologyVersion{processId=653a2ba067c20b6b8e0feb4d, counter=4}, lastWriteDate=Sun Nov 05 20:28:34 IST 2023, lastUpdateTimeNanos=31966227593400}
2023-11-05T20:28:34.354+05:30  INFO 8260 --- [ngodb.net:27017] org.mongodb.driver.cluster               : Discovered replica set primary ac-wy1g1ux-shard-00-01.pqdv9ku.mongodb.net:27017 with max election id 7fffffff00000000000001c6 and max set version 5
2023-11-05T20:28:34.361+05:30  INFO 8260 --- [ngodb.net:27017] org.mongodb.driver.cluster               : Monitor thread successfully connected to server with description ServerDescription{address=ac-wy1g1ux-shard-00-02.pqdv9ku.mongodb.net:27017, type=REPLICA_SET_SECONDARY, state=CONNECTED, ok=true, minWireVersion=0, maxWireVersion=17, maxDocumentSize=16777216, logicalSessionTimeoutMinutes=30, roundTripTimeNanos=99075200, setName='atlas-4tz6ct-shard-0', canonicalAddress=ac-wy1g1ux-shard-00-02.pqdv9ku.mongodb.net:27017, hosts=[ac-wy1g1ux-shard-00-00.pqdv9ku.mongodb.net:27017, ac-wy1g1ux-shard-00-01.pqdv9ku.mongodb.net:27017, ac-wy1g1ux-shard-00-02.pqdv9ku.mongodb.net:27017], passives=[], arbiters=[], primary='ac-wy1g1ux-shard-00-01.pqdv9ku.mongodb.net:27017', tagSet=TagSet{[Tag{name='nodeType', value='ELECTABLE'}, Tag{name='provider', value='AWS'}, Tag{name='region', value='AP_SOUTH_1'}, Tag{name='workloadType', value='OPERATIONAL'}]}, electionId=null, setVersion=5, topologyVersion=TopologyVersion{processId=653a2d943bab5138630fcef4, counter=3}, lastWriteDate=Sun Nov 05 20:28:34 IST 2023, lastUpdateTimeNanos=31966240726400}
2023-11-05T20:28:35.004+05:30  WARN 8260 --- [           main] JpaBaseConfiguration$JpaWebConfiguration : spring.jpa.open-in-view is enabled by default. Therefore, database queries may be performed during view rendering. Explicitly configure spring.jpa.open-in-view to disable this warning
2023-11-05T20:28:35.567+05:30  INFO 8260 --- [           main] c.e.m.E.EmployeeCrudApplicationTests     : Started EmployeeCrudApplicationTests in 11.091 seconds (process running for 12.336)
]]></system-out>
  </testcase>
</testsuite>